
> vibe-generated-app@1.0.0 dev
> vite


  VITE v5.4.20  ready in 261 ms

  ➜  Local:   http://localhost:3000/
  ➜  Network: http://172.20.2.234:3000/
1:01:32 PM [vite] Pre-transform error: Failed to resolve import "@radix-ui/react-icons" from "src/components/Footer.jsx". Does the file exist?
1:01:33 PM [vite] ✨ new dependencies optimized: framer-motion, @splinetool/react-spline, lucide-react
1:01:33 PM [vite] ✨ optimized dependencies changed. reloading
1:01:34 PM [vite] Pre-transform error: Failed to resolve import "@radix-ui/react-icons" from "src/components/Footer.jsx". Does the file exist?
The file does not exist at "/home/workspace/node_modules/.vite/deps/chunk-I4MZPW7S.js?v=35394813" which is in the optimize deps directory. The dependency might be incompatible with the dep optimizer. Try adding it to `optimizeDeps.exclude`.
1:01:52 PM [vite] Internal server error: Failed to resolve import "@radix-ui/react-icons" from "src/components/Footer.jsx". Does the file exist?
  Plugin: vite:import-analysis
  File: /home/workspace/src/components/Footer.jsx:2:32
  1  |  import { jsxDEV } from "react/jsx-dev-runtime";
  2  |  import React from "react";
  3  |  import { DiscordLogoIcon } from "@radix-ui/react-icons";
     |                                   ^
  4  |  export default function Footer() {
  5  |    return /* @__PURE__ */ jsxDEV("footer", { className: "mt-20", children: /* @__PURE__ */ jsxDEV("div", { className: "max-w-7xl mx-auto px-4 sm:px-6 lg:px-8 py-12", children: [
      at TransformPluginContext._formatError (file:///home/workspace/node_modules/vite/dist/node/chunks/dep-D_zLpgQd.js:49258:41)
      at TransformPluginContext.error (file:///home/workspace/node_modules/vite/dist/node/chunks/dep-D_zLpgQd.js:49253:16)
      at normalizeUrl (file:///home/workspace/node_modules/vite/dist/node/chunks/dep-D_zLpgQd.js:64306:23)
      at process.processTicksAndRejections (node:internal/process/task_queues:105:5)
      at async file:///home/workspace/node_modules/vite/dist/node/chunks/dep-D_zLpgQd.js:64438:39
      at async Promise.all (index 2)
      at async TransformPluginContext.transform (file:///home/workspace/node_modules/vite/dist/node/chunks/dep-D_zLpgQd.js:64365:7)
      at async PluginContainer.transform (file:///home/workspace/node_modules/vite/dist/node/chunks/dep-D_zLpgQd.js:49099:18)
      at async loadAndTransform (file:///home/workspace/node_modules/vite/dist/node/chunks/dep-D_zLpgQd.js:51977:27)
      at async viteTransformMiddleware (file:///home/workspace/node_modules/vite/dist/node/chunks/dep-D_zLpgQd.js:62105:24)
